  Задача №112984. Гоблины и шаманы.cpp
C:\Users\aser\source\repos\второй семестр\Задача №112984. Гоблины и шаманы\Задача №112984. Гоблины и шаманы\Задача №112984. Гоблины и шаманы.cpp(36,13): error C2039: pop: не является членом "queue"
C:\Users\aser\source\repos\второй семестр\Задача №112984. Гоблины и шаманы\Задача №112984. Гоблины и шаманы\Задача №112984. Гоблины и шаманы.cpp(20): message : см. объявление "queue"
C:\Users\aser\source\repos\второй семестр\Задача №112984. Гоблины и шаманы\Задача №112984. Гоблины и шаманы\Задача №112984. Гоблины и шаманы.cpp(37,18): error C2065: tail: необъявленный идентификатор
C:\Users\aser\source\repos\второй семестр\Задача №112984. Гоблины и шаманы\Задача №112984. Гоблины и шаманы\Задача №112984. Гоблины и шаманы.cpp(38,14): error C2065: tail: необъявленный идентификатор
C:\Users\aser\source\repos\второй семестр\Задача №112984. Гоблины и шаманы\Задача №112984. Гоблины и шаманы\Задача №112984. Гоблины и шаманы.cpp(39,2): error C2065: tail: необъявленный идентификатор
C:\Users\aser\source\repos\второй семестр\Задача №112984. Гоблины и шаманы\Задача №112984. Гоблины и шаманы\Задача №112984. Гоблины и шаманы.cpp(39,9): error C2065: tail: необъявленный идентификатор
C:\Users\aser\source\repos\второй семестр\Задача №112984. Гоблины и шаманы\Задача №112984. Гоблины и шаманы\Задача №112984. Гоблины и шаманы.cpp(41,15): error C2563: несоответствие в списке формальных параметров
C:\Users\aser\source\repos\второй семестр\Задача №112984. Гоблины и шаманы\Задача №112984. Гоблины и шаманы\Задача №112984. Гоблины и шаманы.cpp(42,3): error C2065: middle: необъявленный идентификатор
C:\Users\aser\source\repos\второй семестр\Задача №112984. Гоблины и шаманы\Задача №112984. Гоблины и шаманы\Задача №112984. Гоблины и шаманы.cpp(44,10): error C2563: несоответствие в списке формальных параметров
C:\Users\aser\source\repos\второй семестр\Задача №112984. Гоблины и шаманы\Задача №112984. Гоблины и шаманы\Задача №112984. Гоблины и шаманы.cpp(44,37): error C2563: несоответствие в списке формальных параметров
C:\Users\aser\source\repos\второй семестр\Задача №112984. Гоблины и шаманы\Задача №112984. Гоблины и шаманы\Задача №112984. Гоблины и шаманы.cpp(45,3): error C2065: middle: необъявленный идентификатор
C:\Users\aser\source\repos\второй семестр\Задача №112984. Гоблины и шаманы\Задача №112984. Гоблины и шаманы\Задача №112984. Гоблины и шаманы.cpp(45,12): error C2065: middle: необъявленный идентификатор
C:\Users\aser\source\repos\второй семестр\Задача №112984. Гоблины и шаманы\Задача №112984. Гоблины и шаманы\Задача №112984. Гоблины и шаманы.cpp(47,6): error C2563: несоответствие в списке формальных параметров
C:\Users\aser\source\repos\второй семестр\Задача №112984. Гоблины и шаманы\Задача №112984. Гоблины и шаманы\Задача №112984. Гоблины и шаманы.cpp(52,13): error C2039: push: не является членом "queue"
C:\Users\aser\source\repos\второй семестр\Задача №112984. Гоблины и шаманы\Задача №112984. Гоблины и шаманы\Задача №112984. Гоблины и шаманы.cpp(20): message : см. объявление "queue"
C:\Users\aser\source\repos\второй семестр\Задача №112984. Гоблины и шаманы\Задача №112984. Гоблины и шаманы\Задача №112984. Гоблины и шаманы.cpp(54,14): error C2563: несоответствие в списке формальных параметров
C:\Users\aser\source\repos\второй семестр\Задача №112984. Гоблины и шаманы\Задача №112984. Гоблины и шаманы\Задача №112984. Гоблины и шаманы.cpp(55,3): error C2065: head: необъявленный идентификатор
C:\Users\aser\source\repos\второй семестр\Задача №112984. Гоблины и шаманы\Задача №112984. Гоблины и шаманы\Задача №112984. Гоблины и шаманы.cpp(56,3): error C2065: head: необъявленный идентификатор
C:\Users\aser\source\repos\второй семестр\Задача №112984. Гоблины и шаманы\Задача №112984. Гоблины и шаманы\Задача №112984. Гоблины и шаманы.cpp(58,6): error C2563: несоответствие в списке формальных параметров
C:\Users\aser\source\repos\второй семестр\Задача №112984. Гоблины и шаманы\Задача №112984. Гоблины и шаманы\Задача №112984. Гоблины и шаманы.cpp(59,4): error C2065: middle: необъявленный идентификатор
C:\Users\aser\source\repos\второй семестр\Задача №112984. Гоблины и шаманы\Задача №112984. Гоблины и шаманы\Задача №112984. Гоблины и шаманы.cpp(59,13): error C2065: middle: необъявленный идентификатор
C:\Users\aser\source\repos\второй семестр\Задача №112984. Гоблины и шаманы\Задача №112984. Гоблины и шаманы\Задача №112984. Гоблины и шаманы.cpp(63,3): error C2065: head: необъявленный идентификатор
C:\Users\aser\source\repos\второй семестр\Задача №112984. Гоблины и шаманы\Задача №112984. Гоблины и шаманы\Задача №112984. Гоблины и шаманы.cpp(64,3): error C2065: middle: необъявленный идентификатор
C:\Users\aser\source\repos\второй семестр\Задача №112984. Гоблины и шаманы\Задача №112984. Гоблины и шаманы\Задача №112984. Гоблины и шаманы.cpp(65,3): error C2065: tail: необъявленный идентификатор
C:\Users\aser\source\repos\второй семестр\Задача №112984. Гоблины и шаманы\Задача №112984. Гоблины и шаманы\Задача №112984. Гоблины и шаманы.cpp(67,6): error C2563: несоответствие в списке формальных параметров
C:\Users\aser\source\repos\второй семестр\Задача №112984. Гоблины и шаманы\Задача №112984. Гоблины и шаманы\Задача №112984. Гоблины и шаманы.cpp(70,13): error C2039: push_mid: не является членом "queue"
C:\Users\aser\source\repos\второй семестр\Задача №112984. Гоблины и шаманы\Задача №112984. Гоблины и шаманы\Задача №112984. Гоблины и шаманы.cpp(20): message : см. объявление "queue"
C:\Users\aser\source\repos\второй семестр\Задача №112984. Гоблины и шаманы\Задача №112984. Гоблины и шаманы\Задача №112984. Гоблины и шаманы.cpp(71,15): error C2563: несоответствие в списке формальных параметров
C:\Users\aser\source\repos\второй семестр\Задача №112984. Гоблины и шаманы\Задача №112984. Гоблины и шаманы\Задача №112984. Гоблины и шаманы.cpp(76,15): error C2065: middle: необъявленный идентификатор
C:\Users\aser\source\repos\второй семестр\Задача №112984. Гоблины и шаманы\Задача №112984. Гоблины и шаманы\Задача №112984. Гоблины и шаманы.cpp(77,3): error C2065: middle: необъявленный идентификатор
C:\Users\aser\source\repos\второй семестр\Задача №112984. Гоблины и шаманы\Задача №112984. Гоблины и шаманы\Задача №112984. Гоблины и шаманы.cpp(79,6): error C2563: несоответствие в списке формальных параметров
C:\Users\aser\source\repos\второй семестр\Задача №112984. Гоблины и шаманы\Задача №112984. Гоблины и шаманы\Задача №112984. Гоблины и шаманы.cpp(79,22): error C2065: middle: необъявленный идентификатор
C:\Users\aser\source\repos\второй семестр\Задача №112984. Гоблины и шаманы\Задача №112984. Гоблины и шаманы\Задача №112984. Гоблины и шаманы.cpp(80,9): error C2563: несоответствие в списке формальных параметров
C:\Users\aser\source\repos\второй семестр\Задача №112984. Гоблины и шаманы\Задача №112984. Гоблины и шаманы\Задача №112984. Гоблины и шаманы.cpp(90,31): error C2039: push: не является членом "queue"
C:\Users\aser\source\repos\второй семестр\Задача №112984. Гоблины и шаманы\Задача №112984. Гоблины и шаманы\Задача №112984. Гоблины и шаманы.cpp(20): message : см. объявление "queue"
C:\Users\aser\source\repos\второй семестр\Задача №112984. Гоблины и шаманы\Задача №112984. Гоблины и шаманы\Задача №112984. Гоблины и шаманы.cpp(91,35): error C2039: pop: не является членом "queue"
C:\Users\aser\source\repos\второй семестр\Задача №112984. Гоблины и шаманы\Задача №112984. Гоблины и шаманы\Задача №112984. Гоблины и шаманы.cpp(20): message : см. объявление "queue"
C:\Users\aser\source\repos\второй семестр\Задача №112984. Гоблины и шаманы\Задача №112984. Гоблины и шаманы\Задача №112984. Гоблины и шаманы.cpp(92,40): error C2039: push_mid: не является членом "queue"
C:\Users\aser\source\repos\второй семестр\Задача №112984. Гоблины и шаманы\Задача №112984. Гоблины и шаманы\Задача №112984. Гоблины и шаманы.cpp(20): message : см. объявление "queue"
